[28-May-2025 14:01:50 UTC] PHP Fatal error:  Uncaught TypeError: call_user_func_array(): Argument #1 ($callback) must be a valid callback, function "includes/mfp-first-acp-page.php" not found or invalid function name in /home/emilianosuarez/Local Sites/vulnerabilities-web/app/public/wp-includes/class-wp-hook.php:324
Stack trace:
#0 /home/emilianosuarez/Local Sites/vulnerabilities-web/app/public/wp-includes/class-wp-hook.php(348): WP_Hook->apply_filters('', Array)
#1 /home/emilianosuarez/Local Sites/vulnerabilities-web/app/public/wp-includes/plugin.php(517): WP_Hook->do_action(Array)
#2 /home/emilianosuarez/Local Sites/vulnerabilities-web/app/public/wp-admin/admin.php(260): do_action('toplevel_page_m...')
#3 {main}
  thrown in /home/emilianosuarez/Local Sites/vulnerabilities-web/app/public/wp-includes/class-wp-hook.php on line 324
[28-May-2025 14:03:18 UTC] PHP Warning:  include(/home/emilianosuarez/Local Sites/vulnerabilities-web/app/public/wp-content/plugins/my-first-plugin/includes/includes/mfp-first-acp-page.php): Failed to open stream: No such file or directory in /home/emilianosuarez/Local Sites/vulnerabilities-web/app/public/wp-content/plugins/my-first-plugin/includes/mfp-functions.php on line 20
[28-May-2025 14:03:18 UTC] PHP Warning:  include(): Failed opening '/home/emilianosuarez/Local Sites/vulnerabilities-web/app/public/wp-content/plugins/my-first-plugin/includes/includes/mfp-first-acp-page.php' for inclusion (include_path='.:/usr/share/php:/www/wp-content/pear') in /home/emilianosuarez/Local Sites/vulnerabilities-web/app/public/wp-content/plugins/my-first-plugin/includes/mfp-functions.php on line 20
[28-May-2025 14:03:19 UTC] PHP Warning:  include(/home/emilianosuarez/Local Sites/vulnerabilities-web/app/public/wp-content/plugins/my-first-plugin/includes/includes/mfp-first-acp-page.php): Failed to open stream: No such file or directory in /home/emilianosuarez/Local Sites/vulnerabilities-web/app/public/wp-content/plugins/my-first-plugin/includes/mfp-functions.php on line 20
[28-May-2025 14:03:19 UTC] PHP Warning:  include(): Failed opening '/home/emilianosuarez/Local Sites/vulnerabilities-web/app/public/wp-content/plugins/my-first-plugin/includes/includes/mfp-first-acp-page.php' for inclusion (include_path='.:/usr/share/php:/www/wp-content/pear') in /home/emilianosuarez/Local Sites/vulnerabilities-web/app/public/wp-content/plugins/my-first-plugin/includes/mfp-functions.php on line 20
[28-May-2025 14:07:55 UTC] PHP Warning:  require_once(/home/emilianosuarez/Local Sites/vulnerabilities-web/app/public/wp-content/plugins/includes/mfp-functions.php): Failed to open stream: No such file or directory in /home/emilianosuarez/Local Sites/vulnerabilities-web/app/public/wp-content/plugins/my-first-plugin/my-first-plugin.php on line 9
[28-May-2025 14:07:55 UTC] PHP Fatal error:  Uncaught Error: Failed opening required '/home/emilianosuarez/Local Sites/vulnerabilities-web/app/public/wp-content/plugins/includes/mfp-functions.php' (include_path='.:/usr/share/php:/www/wp-content/pear') in /home/emilianosuarez/Local Sites/vulnerabilities-web/app/public/wp-content/plugins/my-first-plugin/my-first-plugin.php:9
Stack trace:
#0 /home/emilianosuarez/Local Sites/vulnerabilities-web/app/public/wp-settings.php(545): include_once()
#1 /home/emilianosuarez/Local Sites/vulnerabilities-web/app/public/wp-config.php(103): require_once('/home/emilianos...')
#2 /home/emilianosuarez/Local Sites/vulnerabilities-web/app/public/wp-load.php(50): require_once('/home/emilianos...')
#3 /home/emilianosuarez/Local Sites/vulnerabilities-web/app/public/wp-admin/admin.php(35): require_once('/home/emilianos...')
#4 {main}
  thrown in /home/emilianosuarez/Local Sites/vulnerabilities-web/app/public/wp-content/plugins/my-first-plugin/my-first-plugin.php on line 9
[29-May-2025 12:53:08 UTC] PHP Warning:  require_once(/home/emilianosuarez/Local Sites/vulnerabilities-web/app/public/wp-content/plugins/my-first-plugin/includes/mfp-api-details.php): Failed to open stream: No such file or directory in /home/emilianosuarez/Local Sites/vulnerabilities-web/app/public/wp-content/plugins/my-first-plugin/my-first-plugin.php on line 10
[29-May-2025 12:53:08 UTC] PHP Fatal error:  Uncaught Error: Failed opening required '/home/emilianosuarez/Local Sites/vulnerabilities-web/app/public/wp-content/plugins/my-first-plugin/includes/mfp-api-details.php' (include_path='.:/usr/share/php:/www/wp-content/pear') in /home/emilianosuarez/Local Sites/vulnerabilities-web/app/public/wp-content/plugins/my-first-plugin/my-first-plugin.php:10
Stack trace:
#0 /home/emilianosuarez/Local Sites/vulnerabilities-web/app/public/wp-settings.php(545): include_once()
#1 /home/emilianosuarez/Local Sites/vulnerabilities-web/app/public/wp-config.php(103): require_once('/home/emilianos...')
#2 /home/emilianosuarez/Local Sites/vulnerabilities-web/app/public/wp-load.php(50): require_once('/home/emilianos...')
#3 /home/emilianosuarez/Local Sites/vulnerabilities-web/app/public/wp-admin/admin.php(35): require_once('/home/emilianos...')
#4 {main}
  thrown in /home/emilianosuarez/Local Sites/vulnerabilities-web/app/public/wp-content/plugins/my-first-plugin/my-first-plugin.php on line 10
[29-May-2025 13:00:06 UTC] PHP Fatal error:  Uncaught TypeError: call_user_func_array(): Argument #1 ($callback) must be a valid callback, function "mfp_plugin_api_info_page" not found or invalid function name in /home/emilianosuarez/Local Sites/vulnerabilities-web/app/public/wp-includes/class-wp-hook.php:324
Stack trace:
#0 /home/emilianosuarez/Local Sites/vulnerabilities-web/app/public/wp-includes/class-wp-hook.php(348): WP_Hook->apply_filters('', Array)
#1 /home/emilianosuarez/Local Sites/vulnerabilities-web/app/public/wp-includes/plugin.php(517): WP_Hook->do_action(Array)
#2 /home/emilianosuarez/Local Sites/vulnerabilities-web/app/public/wp-admin/admin.php(260): do_action('admin_page_plug...')
#3 {main}
  thrown in /home/emilianosuarez/Local Sites/vulnerabilities-web/app/public/wp-includes/class-wp-hook.php on line 324
[29-May-2025 13:11:53 UTC] PHP Fatal error:  Uncaught Error: Call to undefined function mfp_render_array_recursive2() in /home/emilianosuarez/Local Sites/vulnerabilities-web/app/public/wp-content/plugins/my-first-plugin/includes/mfp-functions.php:63
Stack trace:
#0 /home/emilianosuarez/Local Sites/vulnerabilities-web/app/public/wp-content/plugins/my-first-plugin/includes/plugin-list-page.php(57): mfp_render_readable_data(Array)
#1 /home/emilianosuarez/Local Sites/vulnerabilities-web/app/public/wp-content/plugins/my-first-plugin/includes/mfp-functions.php(29): include('/home/emilianos...')
#2 /home/emilianosuarez/Local Sites/vulnerabilities-web/app/public/wp-includes/class-wp-hook.php(324): mfp_render_plugin_page('')
#3 /home/emilianosuarez/Local Sites/vulnerabilities-web/app/public/wp-includes/class-wp-hook.php(348): WP_Hook->apply_filters('', Array)
#4 /home/emilianosuarez/Local Sites/vulnerabilities-web/app/public/wp-includes/plugin.php(517): WP_Hook->do_action(Array)
#5 /home/emilianosuarez/Local Sites/vulnerabilities-web/app/public/wp-admin/admin.php(260): do_action('toplevel_page_m...')
#6 {main}
  thrown in /home/emilianosuarez/Local Sites/vulnerabilities-web/app/public/wp-content/plugins/my-first-plugin/includes/mfp-functions.php on line 63
[29-May-2025 13:12:34 UTC] PHP Fatal error:  Uncaught Error: Call to undefined function mfp_render_array_recursive() in /home/emilianosuarez/Local Sites/vulnerabilities-web/app/public/wp-content/plugins/my-first-plugin/includes/mfp-functions.php:38
Stack trace:
#0 /home/emilianosuarez/Local Sites/vulnerabilities-web/app/public/wp-content/plugins/my-first-plugin/includes/mfp-functions.php(63): mfp_render_array_recursive2(Array)
#1 /home/emilianosuarez/Local Sites/vulnerabilities-web/app/public/wp-content/plugins/my-first-plugin/includes/plugin-list-page.php(57): mfp_render_readable_data2(Array)
#2 /home/emilianosuarez/Local Sites/vulnerabilities-web/app/public/wp-content/plugins/my-first-plugin/includes/mfp-functions.php(29): include('/home/emilianos...')
#3 /home/emilianosuarez/Local Sites/vulnerabilities-web/app/public/wp-includes/class-wp-hook.php(324): mfp_render_plugin_page('')
#4 /home/emilianosuarez/Local Sites/vulnerabilities-web/app/public/wp-includes/class-wp-hook.php(348): WP_Hook->apply_filters('', Array)
#5 /home/emilianosuarez/Local Sites/vulnerabilities-web/app/public/wp-includes/plugin.php(517): WP_Hook->do_action(Array)
#6 /home/emilianosuarez/Local Sites/vulnerabilities-web/app/public/wp-admin/admin.php(260): do_action('toplevel_page_m...')
#7 {main}
  thrown in /home/emilianosuarez/Local Sites/vulnerabilities-web/app/public/wp-content/plugins/my-first-plugin/includes/mfp-functions.php on line 38
[29-May-2025 13:12:46 UTC] PHP Fatal error:  Uncaught Error: Call to undefined function mfp_render_array_recursive() in /home/emilianosuarez/Local Sites/vulnerabilities-web/app/public/wp-content/plugins/my-first-plugin/includes/mfp-functions.php:38
Stack trace:
#0 /home/emilianosuarez/Local Sites/vulnerabilities-web/app/public/wp-content/plugins/my-first-plugin/includes/mfp-functions.php(63): mfp_render_array_recursive2(Array)
#1 /home/emilianosuarez/Local Sites/vulnerabilities-web/app/public/wp-content/plugins/my-first-plugin/includes/plugin-list-page.php(57): mfp_render_readable_data2(Array)
#2 /home/emilianosuarez/Local Sites/vulnerabilities-web/app/public/wp-content/plugins/my-first-plugin/includes/mfp-functions.php(29): include('/home/emilianos...')
#3 /home/emilianosuarez/Local Sites/vulnerabilities-web/app/public/wp-includes/class-wp-hook.php(324): mfp_render_plugin_page('')
#4 /home/emilianosuarez/Local Sites/vulnerabilities-web/app/public/wp-includes/class-wp-hook.php(348): WP_Hook->apply_filters('', Array)
#5 /home/emilianosuarez/Local Sites/vulnerabilities-web/app/public/wp-includes/plugin.php(517): WP_Hook->do_action(Array)
#6 /home/emilianosuarez/Local Sites/vulnerabilities-web/app/public/wp-admin/admin.php(260): do_action('toplevel_page_m...')
#7 {main}
  thrown in /home/emilianosuarez/Local Sites/vulnerabilities-web/app/public/wp-content/plugins/my-first-plugin/includes/mfp-functions.php on line 38
[29-May-2025 13:12:51 UTC] PHP Fatal error:  Uncaught Error: Call to undefined function mfp_render_array_recursive() in /home/emilianosuarez/Local Sites/vulnerabilities-web/app/public/wp-content/plugins/my-first-plugin/includes/mfp-functions.php:38
Stack trace:
#0 /home/emilianosuarez/Local Sites/vulnerabilities-web/app/public/wp-content/plugins/my-first-plugin/includes/mfp-functions.php(63): mfp_render_array_recursive2(Array)
#1 /home/emilianosuarez/Local Sites/vulnerabilities-web/app/public/wp-content/plugins/my-first-plugin/includes/plugin-list-page.php(57): mfp_render_readable_data2(Array)
#2 /home/emilianosuarez/Local Sites/vulnerabilities-web/app/public/wp-content/plugins/my-first-plugin/includes/mfp-functions.php(29): include('/home/emilianos...')
#3 /home/emilianosuarez/Local Sites/vulnerabilities-web/app/public/wp-includes/class-wp-hook.php(324): mfp_render_plugin_page('')
#4 /home/emilianosuarez/Local Sites/vulnerabilities-web/app/public/wp-includes/class-wp-hook.php(348): WP_Hook->apply_filters('', Array)
#5 /home/emilianosuarez/Local Sites/vulnerabilities-web/app/public/wp-includes/plugin.php(517): WP_Hook->do_action(Array)
#6 /home/emilianosuarez/Local Sites/vulnerabilities-web/app/public/wp-admin/admin.php(260): do_action('toplevel_page_m...')
#7 {main}
  thrown in /home/emilianosuarez/Local Sites/vulnerabilities-web/app/public/wp-content/plugins/my-first-plugin/includes/mfp-functions.php on line 38
[29-May-2025 13:29:13 UTC] PHP Warning:  Array to string conversion in /home/emilianosuarez/Local Sites/vulnerabilities-web/app/public/wp-includes/formatting.php on line 1096
[29-May-2025 13:29:13 UTC] PHP Warning:  Array to string conversion in /home/emilianosuarez/Local Sites/vulnerabilities-web/app/public/wp-includes/formatting.php on line 1096
[29-May-2025 13:39:39 UTC] PHP Warning:  Array to string conversion in /home/emilianosuarez/Local Sites/vulnerabilities-web/app/public/wp-includes/formatting.php on line 1096
[29-May-2025 13:39:39 UTC] PHP Warning:  Array to string conversion in /home/emilianosuarez/Local Sites/vulnerabilities-web/app/public/wp-includes/formatting.php on line 1096
[29-May-2025 14:02:39 UTC] PHP Warning:  Array to string conversion in /home/emilianosuarez/Local Sites/vulnerabilities-web/app/public/wp-includes/formatting.php on line 1096
[29-May-2025 14:02:39 UTC] PHP Warning:  Array to string conversion in /home/emilianosuarez/Local Sites/vulnerabilities-web/app/public/wp-includes/formatting.php on line 1096
[30-May-2025 13:03:35 UTC] PHP Warning:  Array to string conversion in /home/emilianosuarez/Local Sites/vulnerabilities-web/app/public/wp-includes/formatting.php on line 1096
[30-May-2025 13:03:35 UTC] PHP Warning:  Array to string conversion in /home/emilianosuarez/Local Sites/vulnerabilities-web/app/public/wp-includes/formatting.php on line 1096
[30-May-2025 13:04:26 UTC] PHP Warning:  Array to string conversion in /home/emilianosuarez/Local Sites/vulnerabilities-web/app/public/wp-includes/formatting.php on line 1096
[30-May-2025 13:04:26 UTC] PHP Warning:  Array to string conversion in /home/emilianosuarez/Local Sites/vulnerabilities-web/app/public/wp-includes/formatting.php on line 1096
